

Started GET "/articles/" for 127.0.0.1 at 2019-07-08 15:07:39 -0400

Gem::LoadError (Specified 'sqlite3' for database adapter, but the gem is not loaded. Add `gem 'sqlite3'` to your Gemfile (and ensure its version is at the minimum required by ActiveRecord).):
  activerecord (4.2.10) lib/active_record/connection_adapters/connection_specification.rb:177:in `rescue in spec'
  activerecord (4.2.10) lib/active_record/connection_adapters/connection_specification.rb:174:in `spec'
  activerecord (4.2.10) lib/active_record/connection_handling.rb:50:in `establish_connection'
  activerecord (4.2.10) lib/active_record/railtie.rb:122:in `block (2 levels) in <class:Railtie>'
  activesupport (4.2.10) lib/active_support/lazy_load_hooks.rb:38:in `instance_eval'
  activesupport (4.2.10) lib/active_support/lazy_load_hooks.rb:38:in `execute_hook'
  activesupport (4.2.10) lib/active_support/lazy_load_hooks.rb:45:in `block in run_load_hooks'
  activesupport (4.2.10) lib/active_support/lazy_load_hooks.rb:44:in `each'
  activesupport (4.2.10) lib/active_support/lazy_load_hooks.rb:44:in `run_load_hooks'
  activerecord (4.2.10) lib/active_record/base.rb:315:in `<module:ActiveRecord>'
  activerecord (4.2.10) lib/active_record/base.rb:26:in `<top (required)>'
  activerecord (4.2.10) lib/active_record/migration.rb:383:in `connection'
  activerecord (4.2.10) lib/active_record/migration.rb:370:in `call'
  actionpack (4.2.10) lib/action_dispatch/middleware/callbacks.rb:29:in `block in call'
  activesupport (4.2.10) lib/active_support/callbacks.rb:88:in `__run_callbacks__'
  activesupport (4.2.10) lib/active_support/callbacks.rb:778:in `_run_call_callbacks'
  activesupport (4.2.10) lib/active_support/callbacks.rb:81:in `run_callbacks'
  actionpack (4.2.10) lib/action_dispatch/middleware/callbacks.rb:27:in `call'
  actionpack (4.2.10) lib/action_dispatch/middleware/reloader.rb:73:in `call'
  actionpack (4.2.10) lib/action_dispatch/middleware/remote_ip.rb:78:in `call'
  actionpack (4.2.10) lib/action_dispatch/middleware/debug_exceptions.rb:17:in `call'
  web-console (2.3.0) lib/web_console/middleware.rb:28:in `block in call'
  web-console (2.3.0) lib/web_console/middleware.rb:18:in `catch'
  web-console (2.3.0) lib/web_console/middleware.rb:18:in `call'
  actionpack (4.2.10) lib/action_dispatch/middleware/show_exceptions.rb:30:in `call'
  railties (4.2.10) lib/rails/rack/logger.rb:38:in `call_app'
  railties (4.2.10) lib/rails/rack/logger.rb:20:in `block in call'
  activesupport (4.2.10) lib/active_support/tagged_logging.rb:68:in `block in tagged'
  activesupport (4.2.10) lib/active_support/tagged_logging.rb:26:in `tagged'
  activesupport (4.2.10) lib/active_support/tagged_logging.rb:68:in `tagged'
  railties (4.2.10) lib/rails/rack/logger.rb:20:in `call'
  actionpack (4.2.10) lib/action_dispatch/middleware/request_id.rb:21:in `call'
  rack (1.6.11) lib/rack/methodoverride.rb:22:in `call'
  rack (1.6.11) lib/rack/runtime.rb:18:in `call'
  activesupport (4.2.10) lib/active_support/cache/strategy/local_cache_middleware.rb:28:in `call'
  rack (1.6.11) lib/rack/lock.rb:17:in `call'
  actionpack (4.2.10) lib/action_dispatch/middleware/static.rb:120:in `call'
  rack (1.6.11) lib/rack/sendfile.rb:113:in `call'
  railties (4.2.10) lib/rails/engine.rb:518:in `call'
  railties (4.2.10) lib/rails/application.rb:165:in `call'
  rack (1.6.11) lib/rack/lock.rb:17:in `call'
  rack (1.6.11) lib/rack/content_length.rb:15:in `call'
  rack (1.6.11) lib/rack/handler/webrick.rb:88:in `service'
  /home/akinad/.rvm/rubies/ruby-2.2.10/lib/ruby/2.2.0/webrick/httpserver.rb:138:in `service'
  /home/akinad/.rvm/rubies/ruby-2.2.10/lib/ruby/2.2.0/webrick/httpserver.rb:94:in `run'
  /home/akinad/.rvm/rubies/ruby-2.2.10/lib/ruby/2.2.0/webrick/server.rb:294:in `block in start_thread'


  Rendered /home/akinad/.rvm/gems/ruby-2.2.10/gems/actionpack-4.2.10/lib/action_dispatch/middleware/templates/rescues/_source.erb (8.3ms)
  Rendered /home/akinad/.rvm/gems/ruby-2.2.10/gems/actionpack-4.2.10/lib/action_dispatch/middleware/templates/rescues/_trace.html.erb (4.7ms)
  Rendered /home/akinad/.rvm/gems/ruby-2.2.10/gems/actionpack-4.2.10/lib/action_dispatch/middleware/templates/rescues/_request_and_response.html.erb (2.7ms)
  Rendered /home/akinad/.rvm/gems/ruby-2.2.10/gems/actionpack-4.2.10/lib/action_dispatch/middleware/templates/rescues/diagnostics.html.erb within rescues/layout (78.7ms)
  Rendered /home/akinad/.rvm/gems/ruby-2.2.10/gems/web-console-2.3.0/lib/web_console/templates/_markup.html.erb (0.7ms)
  Rendered /home/akinad/.rvm/gems/ruby-2.2.10/gems/web-console-2.3.0/lib/web_console/templates/_inner_console_markup.html.erb within layouts/inlined_string (0.6ms)
  Rendered /home/akinad/.rvm/gems/ruby-2.2.10/gems/web-console-2.3.0/lib/web_console/templates/_prompt_box_markup.html.erb within layouts/inlined_string (0.5ms)
  Rendered /home/akinad/.rvm/gems/ruby-2.2.10/gems/web-console-2.3.0/lib/web_console/templates/style.css.erb within layouts/inlined_string (0.6ms)
  Rendered /home/akinad/.rvm/gems/ruby-2.2.10/gems/web-console-2.3.0/lib/web_console/templates/console.js.erb within layouts/javascript (80.8ms)
  Rendered /home/akinad/.rvm/gems/ruby-2.2.10/gems/web-console-2.3.0/lib/web_console/templates/main.js.erb within layouts/javascript (0.5ms)
  Rendered /home/akinad/.rvm/gems/ruby-2.2.10/gems/web-console-2.3.0/lib/web_console/templates/error_page.js.erb within layouts/javascript (1.0ms)
  Rendered /home/akinad/.rvm/gems/ruby-2.2.10/gems/web-console-2.3.0/lib/web_console/templates/index.html.erb (151.4ms)


Started GET "/articles/" for 127.0.0.1 at 2019-07-08 15:10:57 -0400

Gem::LoadError (Specified 'sqlite3' for database adapter, but the gem is not loaded. Add `gem 'sqlite3'` to your Gemfile (and ensure its version is at the minimum required by ActiveRecord).):
  activerecord (4.2.10) lib/active_record/connection_adapters/connection_specification.rb:177:in `rescue in spec'
  activerecord (4.2.10) lib/active_record/connection_adapters/connection_specification.rb:174:in `spec'
  activerecord (4.2.10) lib/active_record/connection_handling.rb:50:in `establish_connection'
  activerecord (4.2.10) lib/active_record/railtie.rb:122:in `block (2 levels) in <class:Railtie>'
  activesupport (4.2.10) lib/active_support/lazy_load_hooks.rb:38:in `instance_eval'
  activesupport (4.2.10) lib/active_support/lazy_load_hooks.rb:38:in `execute_hook'
  activesupport (4.2.10) lib/active_support/lazy_load_hooks.rb:45:in `block in run_load_hooks'
  activesupport (4.2.10) lib/active_support/lazy_load_hooks.rb:44:in `each'
  activesupport (4.2.10) lib/active_support/lazy_load_hooks.rb:44:in `run_load_hooks'
  activerecord (4.2.10) lib/active_record/base.rb:315:in `<module:ActiveRecord>'
  activerecord (4.2.10) lib/active_record/base.rb:26:in `<top (required)>'
  activerecord (4.2.10) lib/active_record/migration.rb:383:in `connection'
  activerecord (4.2.10) lib/active_record/migration.rb:370:in `call'
  actionpack (4.2.10) lib/action_dispatch/middleware/callbacks.rb:29:in `block in call'
  activesupport (4.2.10) lib/active_support/callbacks.rb:88:in `__run_callbacks__'
  activesupport (4.2.10) lib/active_support/callbacks.rb:778:in `_run_call_callbacks'
  activesupport (4.2.10) lib/active_support/callbacks.rb:81:in `run_callbacks'
  actionpack (4.2.10) lib/action_dispatch/middleware/callbacks.rb:27:in `call'
  actionpack (4.2.10) lib/action_dispatch/middleware/reloader.rb:73:in `call'
  actionpack (4.2.10) lib/action_dispatch/middleware/remote_ip.rb:78:in `call'
  actionpack (4.2.10) lib/action_dispatch/middleware/debug_exceptions.rb:17:in `call'
  web-console (2.3.0) lib/web_console/middleware.rb:28:in `block in call'
  web-console (2.3.0) lib/web_console/middleware.rb:18:in `catch'
  web-console (2.3.0) lib/web_console/middleware.rb:18:in `call'
  actionpack (4.2.10) lib/action_dispatch/middleware/show_exceptions.rb:30:in `call'
  railties (4.2.10) lib/rails/rack/logger.rb:38:in `call_app'
  railties (4.2.10) lib/rails/rack/logger.rb:20:in `block in call'
  activesupport (4.2.10) lib/active_support/tagged_logging.rb:68:in `block in tagged'
  activesupport (4.2.10) lib/active_support/tagged_logging.rb:26:in `tagged'
  activesupport (4.2.10) lib/active_support/tagged_logging.rb:68:in `tagged'
  railties (4.2.10) lib/rails/rack/logger.rb:20:in `call'
  actionpack (4.2.10) lib/action_dispatch/middleware/request_id.rb:21:in `call'
  rack (1.6.11) lib/rack/methodoverride.rb:22:in `call'
  rack (1.6.11) lib/rack/runtime.rb:18:in `call'
  activesupport (4.2.10) lib/active_support/cache/strategy/local_cache_middleware.rb:28:in `call'
  rack (1.6.11) lib/rack/lock.rb:17:in `call'
  actionpack (4.2.10) lib/action_dispatch/middleware/static.rb:120:in `call'
  rack (1.6.11) lib/rack/sendfile.rb:113:in `call'
  railties (4.2.10) lib/rails/engine.rb:518:in `call'
  railties (4.2.10) lib/rails/application.rb:165:in `call'
  rack (1.6.11) lib/rack/lock.rb:17:in `call'
  rack (1.6.11) lib/rack/content_length.rb:15:in `call'
  rack (1.6.11) lib/rack/handler/webrick.rb:88:in `service'
  /home/akinad/.rvm/rubies/ruby-2.2.10/lib/ruby/2.2.0/webrick/httpserver.rb:138:in `service'
  /home/akinad/.rvm/rubies/ruby-2.2.10/lib/ruby/2.2.0/webrick/httpserver.rb:94:in `run'
  /home/akinad/.rvm/rubies/ruby-2.2.10/lib/ruby/2.2.0/webrick/server.rb:294:in `block in start_thread'


  Rendered /home/akinad/.rvm/gems/ruby-2.2.10/gems/actionpack-4.2.10/lib/action_dispatch/middleware/templates/rescues/_source.erb (8.4ms)
  Rendered /home/akinad/.rvm/gems/ruby-2.2.10/gems/actionpack-4.2.10/lib/action_dispatch/middleware/templates/rescues/_trace.html.erb (4.5ms)
  Rendered /home/akinad/.rvm/gems/ruby-2.2.10/gems/actionpack-4.2.10/lib/action_dispatch/middleware/templates/rescues/_request_and_response.html.erb (1.9ms)
  Rendered /home/akinad/.rvm/gems/ruby-2.2.10/gems/actionpack-4.2.10/lib/action_dispatch/middleware/templates/rescues/diagnostics.html.erb within rescues/layout (76.9ms)
  Rendered /home/akinad/.rvm/gems/ruby-2.2.10/gems/web-console-2.3.0/lib/web_console/templates/_markup.html.erb (0.8ms)
  Rendered /home/akinad/.rvm/gems/ruby-2.2.10/gems/web-console-2.3.0/lib/web_console/templates/_inner_console_markup.html.erb within layouts/inlined_string (0.6ms)
  Rendered /home/akinad/.rvm/gems/ruby-2.2.10/gems/web-console-2.3.0/lib/web_console/templates/_prompt_box_markup.html.erb within layouts/inlined_string (0.5ms)
  Rendered /home/akinad/.rvm/gems/ruby-2.2.10/gems/web-console-2.3.0/lib/web_console/templates/style.css.erb within layouts/inlined_string (0.7ms)
  Rendered /home/akinad/.rvm/gems/ruby-2.2.10/gems/web-console-2.3.0/lib/web_console/templates/console.js.erb within layouts/javascript (72.2ms)
  Rendered /home/akinad/.rvm/gems/ruby-2.2.10/gems/web-console-2.3.0/lib/web_console/templates/main.js.erb within layouts/javascript (0.7ms)
  Rendered /home/akinad/.rvm/gems/ruby-2.2.10/gems/web-console-2.3.0/lib/web_console/templates/error_page.js.erb within layouts/javascript (1.6ms)
  Rendered /home/akinad/.rvm/gems/ruby-2.2.10/gems/web-console-2.3.0/lib/web_console/templates/index.html.erb (140.7ms)
  [1m[36m (13.8ms)[0m  [1mCREATE TABLE "schema_migrations" ("version" varchar NOT NULL) [0m
  [1m[35m (0.1ms)[0m  select sqlite_version(*)
  [1m[36m (4.7ms)[0m  [1mCREATE UNIQUE INDEX "unique_schema_migrations" ON "schema_migrations" ("version")[0m
  [1m[35mActiveRecord::SchemaMigration Load (0.1ms)[0m  SELECT "schema_migrations".* FROM "schema_migrations"


Started GET "/articles/" for 127.0.0.1 at 2019-07-08 15:50:50 -0400

Gem::LoadError (Specified 'sqlite3' for database adapter, but the gem is not loaded. Add `gem 'sqlite3'` to your Gemfile (and ensure its version is at the minimum required by ActiveRecord).):
  activerecord (4.2.10) lib/active_record/connection_adapters/connection_specification.rb:177:in `rescue in spec'
  activerecord (4.2.10) lib/active_record/connection_adapters/connection_specification.rb:174:in `spec'
  activerecord (4.2.10) lib/active_record/connection_handling.rb:50:in `establish_connection'
  activerecord (4.2.10) lib/active_record/railtie.rb:122:in `block (2 levels) in <class:Railtie>'
  activesupport (4.2.10) lib/active_support/lazy_load_hooks.rb:38:in `instance_eval'
  activesupport (4.2.10) lib/active_support/lazy_load_hooks.rb:38:in `execute_hook'
  activesupport (4.2.10) lib/active_support/lazy_load_hooks.rb:45:in `block in run_load_hooks'
  activesupport (4.2.10) lib/active_support/lazy_load_hooks.rb:44:in `each'
  activesupport (4.2.10) lib/active_support/lazy_load_hooks.rb:44:in `run_load_hooks'
  activerecord (4.2.10) lib/active_record/base.rb:315:in `<module:ActiveRecord>'
  activerecord (4.2.10) lib/active_record/base.rb:26:in `<top (required)>'
  activerecord (4.2.10) lib/active_record/migration.rb:383:in `connection'
  activerecord (4.2.10) lib/active_record/migration.rb:370:in `call'
  actionpack (4.2.10) lib/action_dispatch/middleware/callbacks.rb:29:in `block in call'
  activesupport (4.2.10) lib/active_support/callbacks.rb:88:in `__run_callbacks__'
  activesupport (4.2.10) lib/active_support/callbacks.rb:778:in `_run_call_callbacks'
  activesupport (4.2.10) lib/active_support/callbacks.rb:81:in `run_callbacks'
  actionpack (4.2.10) lib/action_dispatch/middleware/callbacks.rb:27:in `call'
  actionpack (4.2.10) lib/action_dispatch/middleware/reloader.rb:73:in `call'
  actionpack (4.2.10) lib/action_dispatch/middleware/remote_ip.rb:78:in `call'
  actionpack (4.2.10) lib/action_dispatch/middleware/debug_exceptions.rb:17:in `call'
  web-console (2.3.0) lib/web_console/middleware.rb:28:in `block in call'
  web-console (2.3.0) lib/web_console/middleware.rb:18:in `catch'
  web-console (2.3.0) lib/web_console/middleware.rb:18:in `call'
  actionpack (4.2.10) lib/action_dispatch/middleware/show_exceptions.rb:30:in `call'
  railties (4.2.10) lib/rails/rack/logger.rb:38:in `call_app'
  railties (4.2.10) lib/rails/rack/logger.rb:20:in `block in call'
  activesupport (4.2.10) lib/active_support/tagged_logging.rb:68:in `block in tagged'
  activesupport (4.2.10) lib/active_support/tagged_logging.rb:26:in `tagged'
  activesupport (4.2.10) lib/active_support/tagged_logging.rb:68:in `tagged'
  railties (4.2.10) lib/rails/rack/logger.rb:20:in `call'
  actionpack (4.2.10) lib/action_dispatch/middleware/request_id.rb:21:in `call'
  rack (1.6.11) lib/rack/methodoverride.rb:22:in `call'
  rack (1.6.11) lib/rack/runtime.rb:18:in `call'
  activesupport (4.2.10) lib/active_support/cache/strategy/local_cache_middleware.rb:28:in `call'
  rack (1.6.11) lib/rack/lock.rb:17:in `call'
  actionpack (4.2.10) lib/action_dispatch/middleware/static.rb:120:in `call'
  rack (1.6.11) lib/rack/sendfile.rb:113:in `call'
  railties (4.2.10) lib/rails/engine.rb:518:in `call'
  railties (4.2.10) lib/rails/application.rb:165:in `call'
  rack (1.6.11) lib/rack/lock.rb:17:in `call'
  rack (1.6.11) lib/rack/content_length.rb:15:in `call'
  rack (1.6.11) lib/rack/handler/webrick.rb:88:in `service'
  /home/akinad/.rvm/rubies/ruby-2.2.10/lib/ruby/2.2.0/webrick/httpserver.rb:138:in `service'
  /home/akinad/.rvm/rubies/ruby-2.2.10/lib/ruby/2.2.0/webrick/httpserver.rb:94:in `run'
  /home/akinad/.rvm/rubies/ruby-2.2.10/lib/ruby/2.2.0/webrick/server.rb:294:in `block in start_thread'


  Rendered /home/akinad/.rvm/gems/ruby-2.2.10/gems/actionpack-4.2.10/lib/action_dispatch/middleware/templates/rescues/_source.erb (9.4ms)
  Rendered /home/akinad/.rvm/gems/ruby-2.2.10/gems/actionpack-4.2.10/lib/action_dispatch/middleware/templates/rescues/_trace.html.erb (4.6ms)
  Rendered /home/akinad/.rvm/gems/ruby-2.2.10/gems/actionpack-4.2.10/lib/action_dispatch/middleware/templates/rescues/_request_and_response.html.erb (1.8ms)
  Rendered /home/akinad/.rvm/gems/ruby-2.2.10/gems/actionpack-4.2.10/lib/action_dispatch/middleware/templates/rescues/diagnostics.html.erb within rescues/layout (78.4ms)
  Rendered /home/akinad/.rvm/gems/ruby-2.2.10/gems/web-console-2.3.0/lib/web_console/templates/_markup.html.erb (1.1ms)
  Rendered /home/akinad/.rvm/gems/ruby-2.2.10/gems/web-console-2.3.0/lib/web_console/templates/_inner_console_markup.html.erb within layouts/inlined_string (0.6ms)
  Rendered /home/akinad/.rvm/gems/ruby-2.2.10/gems/web-console-2.3.0/lib/web_console/templates/_prompt_box_markup.html.erb within layouts/inlined_string (0.6ms)
  Rendered /home/akinad/.rvm/gems/ruby-2.2.10/gems/web-console-2.3.0/lib/web_console/templates/style.css.erb within layouts/inlined_string (0.6ms)
  Rendered /home/akinad/.rvm/gems/ruby-2.2.10/gems/web-console-2.3.0/lib/web_console/templates/console.js.erb within layouts/javascript (74.2ms)
  Rendered /home/akinad/.rvm/gems/ruby-2.2.10/gems/web-console-2.3.0/lib/web_console/templates/main.js.erb within layouts/javascript (0.5ms)
  Rendered /home/akinad/.rvm/gems/ruby-2.2.10/gems/web-console-2.3.0/lib/web_console/templates/error_page.js.erb within layouts/javascript (0.9ms)
  Rendered /home/akinad/.rvm/gems/ruby-2.2.10/gems/web-console-2.3.0/lib/web_console/templates/index.html.erb (138.2ms)


Started GET "/articles/" for 127.0.0.1 at 2019-07-08 15:50:53 -0400

Gem::LoadError (Specified 'sqlite3' for database adapter, but the gem is not loaded. Add `gem 'sqlite3'` to your Gemfile (and ensure its version is at the minimum required by ActiveRecord).):
  activerecord (4.2.10) lib/active_record/connection_adapters/connection_specification.rb:177:in `rescue in spec'
  activerecord (4.2.10) lib/active_record/connection_adapters/connection_specification.rb:174:in `spec'
  activerecord (4.2.10) lib/active_record/connection_handling.rb:50:in `establish_connection'
  activerecord (4.2.10) lib/active_record/railtie.rb:122:in `block (2 levels) in <class:Railtie>'
  activesupport (4.2.10) lib/active_support/lazy_load_hooks.rb:38:in `instance_eval'
  activesupport (4.2.10) lib/active_support/lazy_load_hooks.rb:38:in `execute_hook'
  activesupport (4.2.10) lib/active_support/lazy_load_hooks.rb:45:in `block in run_load_hooks'
  activesupport (4.2.10) lib/active_support/lazy_load_hooks.rb:44:in `each'
  activesupport (4.2.10) lib/active_support/lazy_load_hooks.rb:44:in `run_load_hooks'
  activerecord (4.2.10) lib/active_record/base.rb:315:in `<module:ActiveRecord>'
  activerecord (4.2.10) lib/active_record/base.rb:26:in `<top (required)>'
  activerecord (4.2.10) lib/active_record/migration.rb:383:in `connection'
  activerecord (4.2.10) lib/active_record/migration.rb:370:in `call'
  actionpack (4.2.10) lib/action_dispatch/middleware/callbacks.rb:29:in `block in call'
  activesupport (4.2.10) lib/active_support/callbacks.rb:88:in `__run_callbacks__'
  activesupport (4.2.10) lib/active_support/callbacks.rb:778:in `_run_call_callbacks'
  activesupport (4.2.10) lib/active_support/callbacks.rb:81:in `run_callbacks'
  actionpack (4.2.10) lib/action_dispatch/middleware/callbacks.rb:27:in `call'
  actionpack (4.2.10) lib/action_dispatch/middleware/reloader.rb:73:in `call'
  actionpack (4.2.10) lib/action_dispatch/middleware/remote_ip.rb:78:in `call'
  actionpack (4.2.10) lib/action_dispatch/middleware/debug_exceptions.rb:17:in `call'
  web-console (2.3.0) lib/web_console/middleware.rb:28:in `block in call'
  web-console (2.3.0) lib/web_console/middleware.rb:18:in `catch'
  web-console (2.3.0) lib/web_console/middleware.rb:18:in `call'
  actionpack (4.2.10) lib/action_dispatch/middleware/show_exceptions.rb:30:in `call'
  railties (4.2.10) lib/rails/rack/logger.rb:38:in `call_app'
  railties (4.2.10) lib/rails/rack/logger.rb:20:in `block in call'
  activesupport (4.2.10) lib/active_support/tagged_logging.rb:68:in `block in tagged'
  activesupport (4.2.10) lib/active_support/tagged_logging.rb:26:in `tagged'
  activesupport (4.2.10) lib/active_support/tagged_logging.rb:68:in `tagged'
  railties (4.2.10) lib/rails/rack/logger.rb:20:in `call'
  actionpack (4.2.10) lib/action_dispatch/middleware/request_id.rb:21:in `call'
  rack (1.6.11) lib/rack/methodoverride.rb:22:in `call'
  rack (1.6.11) lib/rack/runtime.rb:18:in `call'
  activesupport (4.2.10) lib/active_support/cache/strategy/local_cache_middleware.rb:28:in `call'
  rack (1.6.11) lib/rack/lock.rb:17:in `call'
  actionpack (4.2.10) lib/action_dispatch/middleware/static.rb:120:in `call'
  rack (1.6.11) lib/rack/sendfile.rb:113:in `call'
  railties (4.2.10) lib/rails/engine.rb:518:in `call'
  railties (4.2.10) lib/rails/application.rb:165:in `call'
  rack (1.6.11) lib/rack/lock.rb:17:in `call'
  rack (1.6.11) lib/rack/content_length.rb:15:in `call'
  rack (1.6.11) lib/rack/handler/webrick.rb:88:in `service'
  /home/akinad/.rvm/rubies/ruby-2.2.10/lib/ruby/2.2.0/webrick/httpserver.rb:138:in `service'
  /home/akinad/.rvm/rubies/ruby-2.2.10/lib/ruby/2.2.0/webrick/httpserver.rb:94:in `run'
  /home/akinad/.rvm/rubies/ruby-2.2.10/lib/ruby/2.2.0/webrick/server.rb:294:in `block in start_thread'


  Rendered /home/akinad/.rvm/gems/ruby-2.2.10/gems/actionpack-4.2.10/lib/action_dispatch/middleware/templates/rescues/_source.erb (8.5ms)
  Rendered /home/akinad/.rvm/gems/ruby-2.2.10/gems/actionpack-4.2.10/lib/action_dispatch/middleware/templates/rescues/_trace.html.erb (4.1ms)
  Rendered /home/akinad/.rvm/gems/ruby-2.2.10/gems/actionpack-4.2.10/lib/action_dispatch/middleware/templates/rescues/_request_and_response.html.erb (1.7ms)
  Rendered /home/akinad/.rvm/gems/ruby-2.2.10/gems/actionpack-4.2.10/lib/action_dispatch/middleware/templates/rescues/diagnostics.html.erb within rescues/layout (72.2ms)
  Rendered /home/akinad/.rvm/gems/ruby-2.2.10/gems/web-console-2.3.0/lib/web_console/templates/_markup.html.erb (0.7ms)
  Rendered /home/akinad/.rvm/gems/ruby-2.2.10/gems/web-console-2.3.0/lib/web_console/templates/_inner_console_markup.html.erb within layouts/inlined_string (0.6ms)
  Rendered /home/akinad/.rvm/gems/ruby-2.2.10/gems/web-console-2.3.0/lib/web_console/templates/_prompt_box_markup.html.erb within layouts/inlined_string (0.7ms)
  Rendered /home/akinad/.rvm/gems/ruby-2.2.10/gems/web-console-2.3.0/lib/web_console/templates/style.css.erb within layouts/inlined_string (1.1ms)
  Rendered /home/akinad/.rvm/gems/ruby-2.2.10/gems/web-console-2.3.0/lib/web_console/templates/console.js.erb within layouts/javascript (65.6ms)
  Rendered /home/akinad/.rvm/gems/ruby-2.2.10/gems/web-console-2.3.0/lib/web_console/templates/main.js.erb within layouts/javascript (0.6ms)
  Rendered /home/akinad/.rvm/gems/ruby-2.2.10/gems/web-console-2.3.0/lib/web_console/templates/error_page.js.erb within layouts/javascript (1.0ms)
  Rendered /home/akinad/.rvm/gems/ruby-2.2.10/gems/web-console-2.3.0/lib/web_console/templates/index.html.erb (127.4ms)


Started GET "/articles/" for 127.0.0.1 at 2019-07-08 15:52:04 -0400

AbstractController::ActionNotFound (The action 'index' could not be found for ArticlesController):
  actionpack (4.2.10) lib/abstract_controller/base.rb:132:in `process'
  actionview (4.2.10) lib/action_view/rendering.rb:30:in `process'
  actionpack (4.2.10) lib/action_controller/metal.rb:196:in `dispatch'
  actionpack (4.2.10) lib/action_controller/metal/rack_delegation.rb:13:in `dispatch'
  actionpack (4.2.10) lib/action_controller/metal.rb:237:in `block in action'
  actionpack (4.2.10) lib/action_dispatch/routing/route_set.rb:74:in `call'
  actionpack (4.2.10) lib/action_dispatch/routing/route_set.rb:74:in `dispatch'
  actionpack (4.2.10) lib/action_dispatch/routing/route_set.rb:43:in `serve'
  actionpack (4.2.10) lib/action_dispatch/journey/router.rb:43:in `block in serve'
  actionpack (4.2.10) lib/action_dispatch/journey/router.rb:30:in `each'
  actionpack (4.2.10) lib/action_dispatch/journey/router.rb:30:in `serve'
  actionpack (4.2.10) lib/action_dispatch/routing/route_set.rb:817:in `call'
  rack (1.6.11) lib/rack/etag.rb:24:in `call'
  rack (1.6.11) lib/rack/conditionalget.rb:25:in `call'
  rack (1.6.11) lib/rack/head.rb:13:in `call'
  actionpack (4.2.10) lib/action_dispatch/middleware/params_parser.rb:27:in `call'
  actionpack (4.2.10) lib/action_dispatch/middleware/flash.rb:260:in `call'
  rack (1.6.11) lib/rack/session/abstract/id.rb:225:in `context'
  rack (1.6.11) lib/rack/session/abstract/id.rb:220:in `call'
  actionpack (4.2.10) lib/action_dispatch/middleware/cookies.rb:560:in `call'
  activerecord (4.2.10) lib/active_record/query_cache.rb:36:in `call'
  activerecord (4.2.10) lib/active_record/connection_adapters/abstract/connection_pool.rb:653:in `call'
  activerecord (4.2.10) lib/active_record/migration.rb:377:in `call'
  actionpack (4.2.10) lib/action_dispatch/middleware/callbacks.rb:29:in `block in call'
  activesupport (4.2.10) lib/active_support/callbacks.rb:88:in `__run_callbacks__'
  activesupport (4.2.10) lib/active_support/callbacks.rb:778:in `_run_call_callbacks'
  activesupport (4.2.10) lib/active_support/callbacks.rb:81:in `run_callbacks'
  actionpack (4.2.10) lib/action_dispatch/middleware/callbacks.rb:27:in `call'
  actionpack (4.2.10) lib/action_dispatch/middleware/reloader.rb:73:in `call'
  actionpack (4.2.10) lib/action_dispatch/middleware/remote_ip.rb:78:in `call'
  actionpack (4.2.10) lib/action_dispatch/middleware/debug_exceptions.rb:17:in `call'
  web-console (2.3.0) lib/web_console/middleware.rb:28:in `block in call'
  web-console (2.3.0) lib/web_console/middleware.rb:18:in `catch'
  web-console (2.3.0) lib/web_console/middleware.rb:18:in `call'
  actionpack (4.2.10) lib/action_dispatch/middleware/show_exceptions.rb:30:in `call'
  railties (4.2.10) lib/rails/rack/logger.rb:38:in `call_app'
  railties (4.2.10) lib/rails/rack/logger.rb:20:in `block in call'
  activesupport (4.2.10) lib/active_support/tagged_logging.rb:68:in `block in tagged'
  activesupport (4.2.10) lib/active_support/tagged_logging.rb:26:in `tagged'
  activesupport (4.2.10) lib/active_support/tagged_logging.rb:68:in `tagged'
  railties (4.2.10) lib/rails/rack/logger.rb:20:in `call'
  actionpack (4.2.10) lib/action_dispatch/middleware/request_id.rb:21:in `call'
  rack (1.6.11) lib/rack/methodoverride.rb:22:in `call'
  rack (1.6.11) lib/rack/runtime.rb:18:in `call'
  activesupport (4.2.10) lib/active_support/cache/strategy/local_cache_middleware.rb:28:in `call'
  rack (1.6.11) lib/rack/lock.rb:17:in `call'
  actionpack (4.2.10) lib/action_dispatch/middleware/static.rb:120:in `call'
  rack (1.6.11) lib/rack/sendfile.rb:113:in `call'
  railties (4.2.10) lib/rails/engine.rb:518:in `call'
  railties (4.2.10) lib/rails/application.rb:165:in `call'
  rack (1.6.11) lib/rack/lock.rb:17:in `call'
  rack (1.6.11) lib/rack/content_length.rb:15:in `call'
  rack (1.6.11) lib/rack/handler/webrick.rb:88:in `service'
  /home/akinad/.rvm/rubies/ruby-2.2.10/lib/ruby/2.2.0/webrick/httpserver.rb:138:in `service'
  /home/akinad/.rvm/rubies/ruby-2.2.10/lib/ruby/2.2.0/webrick/httpserver.rb:94:in `run'
  /home/akinad/.rvm/rubies/ruby-2.2.10/lib/ruby/2.2.0/webrick/server.rb:294:in `block in start_thread'


  Rendered /home/akinad/.rvm/gems/ruby-2.2.10/gems/actionpack-4.2.10/lib/action_dispatch/middleware/templates/rescues/unknown_action.html.erb within rescues/layout (2.5ms)
  Rendered /home/akinad/.rvm/gems/ruby-2.2.10/gems/web-console-2.3.0/lib/web_console/templates/_markup.html.erb (0.8ms)
  Rendered /home/akinad/.rvm/gems/ruby-2.2.10/gems/web-console-2.3.0/lib/web_console/templates/_inner_console_markup.html.erb within layouts/inlined_string (0.6ms)
  Rendered /home/akinad/.rvm/gems/ruby-2.2.10/gems/web-console-2.3.0/lib/web_console/templates/_prompt_box_markup.html.erb within layouts/inlined_string (0.6ms)
  Rendered /home/akinad/.rvm/gems/ruby-2.2.10/gems/web-console-2.3.0/lib/web_console/templates/style.css.erb within layouts/inlined_string (0.6ms)
  Rendered /home/akinad/.rvm/gems/ruby-2.2.10/gems/web-console-2.3.0/lib/web_console/templates/console.js.erb within layouts/javascript (77.6ms)
  Rendered /home/akinad/.rvm/gems/ruby-2.2.10/gems/web-console-2.3.0/lib/web_console/templates/main.js.erb within layouts/javascript (0.6ms)
  Rendered /home/akinad/.rvm/gems/ruby-2.2.10/gems/web-console-2.3.0/lib/web_console/templates/error_page.js.erb within layouts/javascript (0.8ms)
  Rendered /home/akinad/.rvm/gems/ruby-2.2.10/gems/web-console-2.3.0/lib/web_console/templates/index.html.erb (147.8ms)


Started GET "/articles/" for 127.0.0.1 at 2019-07-08 16:05:17 -0400
Processing by ArticlesController#index as HTML
Completed 500 Internal Server Error in 27ms (ActiveRecord: 0.0ms)

NameError (uninitialized constant ArticlesController::Article):
  app/controllers/articles_controller.rb:3:in `index'


  Rendered /home/akinad/.rvm/gems/ruby-2.2.10/gems/actionpack-4.2.10/lib/action_dispatch/middleware/templates/rescues/_source.erb (13.6ms)
  Rendered /home/akinad/.rvm/gems/ruby-2.2.10/gems/actionpack-4.2.10/lib/action_dispatch/middleware/templates/rescues/_trace.html.erb (5.4ms)
  Rendered /home/akinad/.rvm/gems/ruby-2.2.10/gems/actionpack-4.2.10/lib/action_dispatch/middleware/templates/rescues/_request_and_response.html.erb (2.0ms)
  Rendered /home/akinad/.rvm/gems/ruby-2.2.10/gems/actionpack-4.2.10/lib/action_dispatch/middleware/templates/rescues/diagnostics.html.erb within rescues/layout (79.7ms)
  Rendered /home/akinad/.rvm/gems/ruby-2.2.10/gems/web-console-2.3.0/lib/web_console/templates/_markup.html.erb (0.7ms)
  Rendered /home/akinad/.rvm/gems/ruby-2.2.10/gems/web-console-2.3.0/lib/web_console/templates/_inner_console_markup.html.erb within layouts/inlined_string (0.6ms)
  Rendered /home/akinad/.rvm/gems/ruby-2.2.10/gems/web-console-2.3.0/lib/web_console/templates/_prompt_box_markup.html.erb within layouts/inlined_string (0.5ms)
  Rendered /home/akinad/.rvm/gems/ruby-2.2.10/gems/web-console-2.3.0/lib/web_console/templates/style.css.erb within layouts/inlined_string (0.9ms)
  Rendered /home/akinad/.rvm/gems/ruby-2.2.10/gems/web-console-2.3.0/lib/web_console/templates/console.js.erb within layouts/javascript (62.1ms)
  Rendered /home/akinad/.rvm/gems/ruby-2.2.10/gems/web-console-2.3.0/lib/web_console/templates/main.js.erb within layouts/javascript (0.5ms)
  Rendered /home/akinad/.rvm/gems/ruby-2.2.10/gems/web-console-2.3.0/lib/web_console/templates/error_page.js.erb within layouts/javascript (0.8ms)
  Rendered /home/akinad/.rvm/gems/ruby-2.2.10/gems/web-console-2.3.0/lib/web_console/templates/index.html.erb (121.9ms)
  [1m[36mActiveRecord::SchemaMigration Load (0.1ms)[0m  [1mSELECT "schema_migrations".* FROM "schema_migrations"[0m
  [1m[36mActiveRecord::SchemaMigration Load (0.1ms)[0m  [1mSELECT "schema_migrations".* FROM "schema_migrations"[0m
Migrating to CreateArticles (20190708200827)
  [1m[35m (0.1ms)[0m  begin transaction
DEPRECATION WARNING: `#timestamps` was called without specifying an option for `null`. In Rails 5, this behavior will change to `null: false`. You should manually specify `null: true` to prevent the behavior of your existing migrations from changing. (called from block in change at /home/akinad/blogger/db/migrate/20190708200827_create_articles.rb:7)
  [1m[36m (0.4ms)[0m  [1mCREATE TABLE "articles" ("id" INTEGER PRIMARY KEY AUTOINCREMENT NOT NULL, "title" varchar, "body" text, "created_at" datetime, "updated_at" datetime) [0m
  [1m[35mSQL (0.2ms)[0m  INSERT INTO "schema_migrations" ("version") VALUES (?)  [["version", "20190708200827"]]
  [1m[36m (10.5ms)[0m  [1mcommit transaction[0m
  [1m[35mActiveRecord::SchemaMigration Load (0.2ms)[0m  SELECT "schema_migrations".* FROM "schema_migrations"
  [1m[36mArticle Load (3.1ms)[0m  [1mSELECT "articles".* FROM "articles"[0m
  [1m[35m (0.1ms)[0m  begin transaction
  [1m[36mSQL (0.6ms)[0m  [1mINSERT INTO "articles" ("title", "body", "created_at", "updated_at") VALUES (?, ?, ?, ?)[0m  [["title", "Sample Article Title"], ["body", " This is the text for my article, woo hoo!"], ["created_at", "2019-07-08 20:16:57.493178"], ["updated_at", "2019-07-08 20:16:57.493178"]]
  [1m[35m (10.4ms)[0m  commit transaction
  [1m[36mArticle Load (0.2ms)[0m  [1mSELECT "articles".* FROM "articles"[0m
  [1m[35m (0.1ms)[0m  begin transaction
  [1m[36mSQL (0.3ms)[0m  [1mINSERT INTO "articles" ("title", "body", "created_at", "updated_at") VALUES (?, ?, ?, ?)[0m  [["title", "This is yet another article"], ["body", "Lorem le ipsum and some shit"], ["created_at", "2019-07-08 20:18:19.608020"], ["updated_at", "2019-07-08 20:18:19.608020"]]
  [1m[35m (10.0ms)[0m  commit transaction
  [1m[36m (0.1ms)[0m  [1mbegin transaction[0m
  [1m[35mSQL (0.3ms)[0m  INSERT INTO "articles" ("title", "body", "created_at", "updated_at") VALUES (?, ?, ?, ?)  [["title", " This will be a name"], ["body", "this will be the body"], ["created_at", "2019-07-08 20:19:09.368268"], ["updated_at", "2019-07-08 20:19:09.368268"]]
  [1m[36m (5.3ms)[0m  [1mcommit transaction[0m
  [1m[35m (0.2ms)[0m  begin transaction
  [1m[36mSQL (0.3ms)[0m  [1mINSERT INTO "articles" ("title", "body", "created_at", "updated_at") VALUES (?, ?, ?, ?)[0m  [["title", "This is the fourth example"], ["body", " ANd we are now done"], ["created_at", "2019-07-08 20:20:16.001418"], ["updated_at", "2019-07-08 20:20:16.001418"]]
  [1m[35m (10.7ms)[0m  commit transaction
  [1m[36mArticle Load (0.3ms)[0m  [1mSELECT "articles".* FROM "articles"[0m


Started GET "/articles/" for 127.0.0.1 at 2019-07-08 16:23:21 -0400
  [1m[36mActiveRecord::SchemaMigration Load (0.2ms)[0m  [1mSELECT "schema_migrations".* FROM "schema_migrations"[0m
Processing by ArticlesController#index as HTML
Completed 500 Internal Server Error in 10ms (ActiveRecord: 0.0ms)

ActionView::MissingTemplate (Missing template articles/index, application/index with {:locale=>[:en], :formats=>[:html], :variants=>[], :handlers=>[:erb, :builder, :raw, :ruby, :coffee, :jbuilder]}. Searched in:
  * "/home/akinad/blogger/app/views"
):
  actionview (4.2.10) lib/action_view/path_set.rb:46:in `find'
  actionview (4.2.10) lib/action_view/lookup_context.rb:121:in `find'
  actionview (4.2.10) lib/action_view/renderer/abstract_renderer.rb:18:in `find_template'
  actionview (4.2.10) lib/action_view/renderer/template_renderer.rb:40:in `determine_template'
  actionview (4.2.10) lib/action_view/renderer/template_renderer.rb:8:in `render'
  actionview (4.2.10) lib/action_view/renderer/renderer.rb:46:in `render_template'
  actionview (4.2.10) lib/action_view/renderer/renderer.rb:27:in `render'
  actionview (4.2.10) lib/action_view/rendering.rb:100:in `_render_template'
  actionpack (4.2.10) lib/action_controller/metal/streaming.rb:217:in `_render_template'
  actionview (4.2.10) lib/action_view/rendering.rb:83:in `render_to_body'
  actionpack (4.2.10) lib/action_controller/metal/rendering.rb:32:in `render_to_body'
  actionpack (4.2.10) lib/action_controller/metal/renderers.rb:37:in `render_to_body'
  actionpack (4.2.10) lib/abstract_controller/rendering.rb:25:in `render'
  actionpack (4.2.10) lib/action_controller/metal/rendering.rb:16:in `render'
  actionpack (4.2.10) lib/action_controller/metal/instrumentation.rb:44:in `block (2 levels) in render'
  activesupport (4.2.10) lib/active_support/core_ext/benchmark.rb:12:in `block in ms'
  /home/akinad/.rvm/rubies/ruby-2.2.10/lib/ruby/2.2.0/benchmark.rb:303:in `realtime'
  activesupport (4.2.10) lib/active_support/core_ext/benchmark.rb:12:in `ms'
  actionpack (4.2.10) lib/action_controller/metal/instrumentation.rb:44:in `block in render'
  actionpack (4.2.10) lib/action_controller/metal/instrumentation.rb:87:in `cleanup_view_runtime'
  activerecord (4.2.10) lib/active_record/railties/controller_runtime.rb:25:in `cleanup_view_runtime'
  actionpack (4.2.10) lib/action_controller/metal/instrumentation.rb:43:in `render'
  actionpack (4.2.10) lib/action_controller/metal/implicit_render.rb:10:in `default_render'
  actionpack (4.2.10) lib/action_controller/metal/implicit_render.rb:5:in `send_action'
  actionpack (4.2.10) lib/abstract_controller/base.rb:198:in `process_action'
  actionpack (4.2.10) lib/action_controller/metal/rendering.rb:10:in `process_action'
  actionpack (4.2.10) lib/abstract_controller/callbacks.rb:20:in `block in process_action'
  activesupport (4.2.10) lib/active_support/callbacks.rb:117:in `call'
  activesupport (4.2.10) lib/active_support/callbacks.rb:117:in `call'
  activesupport (4.2.10) lib/active_support/callbacks.rb:555:in `block (2 levels) in compile'
  activesupport (4.2.10) lib/active_support/callbacks.rb:505:in `call'
  activesupport (4.2.10) lib/active_support/callbacks.rb:505:in `call'
  activesupport (4.2.10) lib/active_support/callbacks.rb:92:in `__run_callbacks__'
  activesupport (4.2.10) lib/active_support/callbacks.rb:778:in `_run_process_action_callbacks'
  activesupport (4.2.10) lib/active_support/callbacks.rb:81:in `run_callbacks'
  actionpack (4.2.10) lib/abstract_controller/callbacks.rb:19:in `process_action'
  actionpack (4.2.10) lib/action_controller/metal/rescue.rb:29:in `process_action'
  actionpack (4.2.10) lib/action_controller/metal/instrumentation.rb:32:in `block in process_action'
  activesupport (4.2.10) lib/active_support/notifications.rb:164:in `block in instrument'
  activesupport (4.2.10) lib/active_support/notifications/instrumenter.rb:20:in `instrument'
  activesupport (4.2.10) lib/active_support/notifications.rb:164:in `instrument'
  actionpack (4.2.10) lib/action_controller/metal/instrumentation.rb:30:in `process_action'
  actionpack (4.2.10) lib/action_controller/metal/params_wrapper.rb:250:in `process_action'
  activerecord (4.2.10) lib/active_record/railties/controller_runtime.rb:18:in `process_action'
  actionpack (4.2.10) lib/abstract_controller/base.rb:137:in `process'
  actionview (4.2.10) lib/action_view/rendering.rb:30:in `process'
  actionpack (4.2.10) lib/action_controller/metal.rb:196:in `dispatch'
  actionpack (4.2.10) lib/action_controller/metal/rack_delegation.rb:13:in `dispatch'
  actionpack (4.2.10) lib/action_controller/metal.rb:237:in `block in action'
  actionpack (4.2.10) lib/action_dispatch/routing/route_set.rb:74:in `call'
  actionpack (4.2.10) lib/action_dispatch/routing/route_set.rb:74:in `dispatch'
  actionpack (4.2.10) lib/action_dispatch/routing/route_set.rb:43:in `serve'
  actionpack (4.2.10) lib/action_dispatch/journey/router.rb:43:in `block in serve'
  actionpack (4.2.10) lib/action_dispatch/journey/router.rb:30:in `each'
  actionpack (4.2.10) lib/action_dispatch/journey/router.rb:30:in `serve'
  actionpack (4.2.10) lib/action_dispatch/routing/route_set.rb:817:in `call'
  rack (1.6.11) lib/rack/etag.rb:24:in `call'
  rack (1.6.11) lib/rack/conditionalget.rb:25:in `call'
  rack (1.6.11) lib/rack/head.rb:13:in `call'
  actionpack (4.2.10) lib/action_dispatch/middleware/params_parser.rb:27:in `call'
  actionpack (4.2.10) lib/action_dispatch/middleware/flash.rb:260:in `call'
  rack (1.6.11) lib/rack/session/abstract/id.rb:225:in `context'
  rack (1.6.11) lib/rack/session/abstract/id.rb:220:in `call'
  actionpack (4.2.10) lib/action_dispatch/middleware/cookies.rb:560:in `call'
  activerecord (4.2.10) lib/active_record/query_cache.rb:36:in `call'
  activerecord (4.2.10) lib/active_record/connection_adapters/abstract/connection_pool.rb:653:in `call'
  activerecord (4.2.10) lib/active_record/migration.rb:377:in `call'
  actionpack (4.2.10) lib/action_dispatch/middleware/callbacks.rb:29:in `block in call'
  activesupport (4.2.10) lib/active_support/callbacks.rb:88:in `__run_callbacks__'
  activesupport (4.2.10) lib/active_support/callbacks.rb:778:in `_run_call_callbacks'
  activesupport (4.2.10) lib/active_support/callbacks.rb:81:in `run_callbacks'
  actionpack (4.2.10) lib/action_dispatch/middleware/callbacks.rb:27:in `call'
  actionpack (4.2.10) lib/action_dispatch/middleware/reloader.rb:73:in `call'
  actionpack (4.2.10) lib/action_dispatch/middleware/remote_ip.rb:78:in `call'
  actionpack (4.2.10) lib/action_dispatch/middleware/debug_exceptions.rb:17:in `call'
  web-console (2.3.0) lib/web_console/middleware.rb:28:in `block in call'
  web-console (2.3.0) lib/web_console/middleware.rb:18:in `catch'
  web-console (2.3.0) lib/web_console/middleware.rb:18:in `call'
  actionpack (4.2.10) lib/action_dispatch/middleware/show_exceptions.rb:30:in `call'
  railties (4.2.10) lib/rails/rack/logger.rb:38:in `call_app'
  railties (4.2.10) lib/rails/rack/logger.rb:20:in `block in call'
  activesupport (4.2.10) lib/active_support/tagged_logging.rb:68:in `block in tagged'
  activesupport (4.2.10) lib/active_support/tagged_logging.rb:26:in `tagged'
  activesupport (4.2.10) lib/active_support/tagged_logging.rb:68:in `tagged'
  railties (4.2.10) lib/rails/rack/logger.rb:20:in `call'
  actionpack (4.2.10) lib/action_dispatch/middleware/request_id.rb:21:in `call'
  rack (1.6.11) lib/rack/methodoverride.rb:22:in `call'
  rack (1.6.11) lib/rack/runtime.rb:18:in `call'
  activesupport (4.2.10) lib/active_support/cache/strategy/local_cache_middleware.rb:28:in `call'
  rack (1.6.11) lib/rack/lock.rb:17:in `call'
  actionpack (4.2.10) lib/action_dispatch/middleware/static.rb:120:in `call'
  rack (1.6.11) lib/rack/sendfile.rb:113:in `call'
  railties (4.2.10) lib/rails/engine.rb:518:in `call'
  railties (4.2.10) lib/rails/application.rb:165:in `call'
  rack (1.6.11) lib/rack/lock.rb:17:in `call'
  rack (1.6.11) lib/rack/content_length.rb:15:in `call'
  rack (1.6.11) lib/rack/handler/webrick.rb:88:in `service'
  /home/akinad/.rvm/rubies/ruby-2.2.10/lib/ruby/2.2.0/webrick/httpserver.rb:138:in `service'
  /home/akinad/.rvm/rubies/ruby-2.2.10/lib/ruby/2.2.0/webrick/httpserver.rb:94:in `run'
  /home/akinad/.rvm/rubies/ruby-2.2.10/lib/ruby/2.2.0/webrick/server.rb:294:in `block in start_thread'


  Rendered /home/akinad/.rvm/gems/ruby-2.2.10/gems/actionpack-4.2.10/lib/action_dispatch/middleware/templates/rescues/_source.erb (16.4ms)
  Rendered /home/akinad/.rvm/gems/ruby-2.2.10/gems/actionpack-4.2.10/lib/action_dispatch/middleware/templates/rescues/_trace.html.erb (7.1ms)
  Rendered /home/akinad/.rvm/gems/ruby-2.2.10/gems/actionpack-4.2.10/lib/action_dispatch/middleware/templates/rescues/_request_and_response.html.erb (1.9ms)
  Rendered /home/akinad/.rvm/gems/ruby-2.2.10/gems/actionpack-4.2.10/lib/action_dispatch/middleware/templates/rescues/missing_template.html.erb within rescues/layout (84.5ms)
  Rendered /home/akinad/.rvm/gems/ruby-2.2.10/gems/web-console-2.3.0/lib/web_console/templates/_markup.html.erb (0.7ms)
  Rendered /home/akinad/.rvm/gems/ruby-2.2.10/gems/web-console-2.3.0/lib/web_console/templates/_inner_console_markup.html.erb within layouts/inlined_string (0.7ms)
  Rendered /home/akinad/.rvm/gems/ruby-2.2.10/gems/web-console-2.3.0/lib/web_console/templates/_prompt_box_markup.html.erb within layouts/inlined_string (0.7ms)
  Rendered /home/akinad/.rvm/gems/ruby-2.2.10/gems/web-console-2.3.0/lib/web_console/templates/style.css.erb within layouts/inlined_string (0.8ms)
  Rendered /home/akinad/.rvm/gems/ruby-2.2.10/gems/web-console-2.3.0/lib/web_console/templates/console.js.erb within layouts/javascript (65.1ms)
  Rendered /home/akinad/.rvm/gems/ruby-2.2.10/gems/web-console-2.3.0/lib/web_console/templates/main.js.erb within layouts/javascript (0.6ms)
  Rendered /home/akinad/.rvm/gems/ruby-2.2.10/gems/web-console-2.3.0/lib/web_console/templates/error_page.js.erb within layouts/javascript (0.9ms)
  Rendered /home/akinad/.rvm/gems/ruby-2.2.10/gems/web-console-2.3.0/lib/web_console/templates/index.html.erb (125.2ms)


Started GET "/articles/" for 127.0.0.1 at 2019-07-08 16:43:53 -0400
Processing by ArticlesController#index as HTML
  [1m[35mArticle Load (0.2ms)[0m  SELECT "articles".* FROM "articles"
  Rendered articles/index.html.erb within layouts/application (9.8ms)
Completed 200 OK in 3721ms (Views: 3720.1ms | ActiveRecord: 0.6ms)


Started GET "/assets/articles.self-e3b0c44298fc1c149afbf4c8996fb92427ae41e4649b934ca495991b7852b855.css?body=1" for 127.0.0.1 at 2019-07-08 16:43:57 -0400


Started GET "/assets/application.self-e80e8f2318043e8af94dddc2adad5a4f09739a8ebb323b3ab31cd71d45fd9113.css?body=1" for 127.0.0.1 at 2019-07-08 16:43:57 -0400


Started GET "/assets/jquery_ujs.self-784a997f6726036b1993eb2217c9cb558e1cbb801c6da88105588c56f13b466a.js?body=1" for 127.0.0.1 at 2019-07-08 16:43:57 -0400


Started GET "/assets/articles.self-877aef30ae1b040ab8a3aba4e3e309a11d7f2612f44dde450b5c157aa5f95c05.js?body=1" for 127.0.0.1 at 2019-07-08 16:43:57 -0400


Started GET "/assets/jquery.self-bd7ddd393353a8d2480a622e80342adf488fb6006d667e8b42e4c0073393abee.js?body=1" for 127.0.0.1 at 2019-07-08 16:43:57 -0400


Started GET "/assets/application.self-3b8dabdc891efe46b9a144b400ad69e37d7e5876bdc39dee783419a69d7ca819.js?body=1" for 127.0.0.1 at 2019-07-08 16:43:57 -0400


Started GET "/assets/turbolinks.self-569ee74eaa15c1e2019317ff770b8769b1ec033a0f572a485f64c82ddc8f989e.js?body=1" for 127.0.0.1 at 2019-07-08 16:43:57 -0400


Started GET "/articles/1" for 127.0.0.1 at 2019-07-08 17:01:35 -0400

AbstractController::ActionNotFound (The action 'show' could not be found for ArticlesController):
  actionpack (4.2.10) lib/abstract_controller/base.rb:132:in `process'
  actionview (4.2.10) lib/action_view/rendering.rb:30:in `process'
  actionpack (4.2.10) lib/action_controller/metal.rb:196:in `dispatch'
  actionpack (4.2.10) lib/action_controller/metal/rack_delegation.rb:13:in `dispatch'
  actionpack (4.2.10) lib/action_controller/metal.rb:237:in `block in action'
  actionpack (4.2.10) lib/action_dispatch/routing/route_set.rb:74:in `call'
  actionpack (4.2.10) lib/action_dispatch/routing/route_set.rb:74:in `dispatch'
  actionpack (4.2.10) lib/action_dispatch/routing/route_set.rb:43:in `serve'
  actionpack (4.2.10) lib/action_dispatch/journey/router.rb:43:in `block in serve'
  actionpack (4.2.10) lib/action_dispatch/journey/router.rb:30:in `each'
  actionpack (4.2.10) lib/action_dispatch/journey/router.rb:30:in `serve'
  actionpack (4.2.10) lib/action_dispatch/routing/route_set.rb:817:in `call'
  rack (1.6.11) lib/rack/etag.rb:24:in `call'
  rack (1.6.11) lib/rack/conditionalget.rb:25:in `call'
  rack (1.6.11) lib/rack/head.rb:13:in `call'
  actionpack (4.2.10) lib/action_dispatch/middleware/params_parser.rb:27:in `call'
  actionpack (4.2.10) lib/action_dispatch/middleware/flash.rb:260:in `call'
  rack (1.6.11) lib/rack/session/abstract/id.rb:225:in `context'
  rack (1.6.11) lib/rack/session/abstract/id.rb:220:in `call'
  actionpack (4.2.10) lib/action_dispatch/middleware/cookies.rb:560:in `call'
  activerecord (4.2.10) lib/active_record/query_cache.rb:36:in `call'
  activerecord (4.2.10) lib/active_record/connection_adapters/abstract/connection_pool.rb:653:in `call'
  activerecord (4.2.10) lib/active_record/migration.rb:377:in `call'
  actionpack (4.2.10) lib/action_dispatch/middleware/callbacks.rb:29:in `block in call'
  activesupport (4.2.10) lib/active_support/callbacks.rb:88:in `__run_callbacks__'
  activesupport (4.2.10) lib/active_support/callbacks.rb:778:in `_run_call_callbacks'
  activesupport (4.2.10) lib/active_support/callbacks.rb:81:in `run_callbacks'
  actionpack (4.2.10) lib/action_dispatch/middleware/callbacks.rb:27:in `call'
  actionpack (4.2.10) lib/action_dispatch/middleware/reloader.rb:73:in `call'
  actionpack (4.2.10) lib/action_dispatch/middleware/remote_ip.rb:78:in `call'
  actionpack (4.2.10) lib/action_dispatch/middleware/debug_exceptions.rb:17:in `call'
  web-console (2.3.0) lib/web_console/middleware.rb:28:in `block in call'
  web-console (2.3.0) lib/web_console/middleware.rb:18:in `catch'
  web-console (2.3.0) lib/web_console/middleware.rb:18:in `call'
  actionpack (4.2.10) lib/action_dispatch/middleware/show_exceptions.rb:30:in `call'
  railties (4.2.10) lib/rails/rack/logger.rb:38:in `call_app'
  railties (4.2.10) lib/rails/rack/logger.rb:20:in `block in call'
  activesupport (4.2.10) lib/active_support/tagged_logging.rb:68:in `block in tagged'
  activesupport (4.2.10) lib/active_support/tagged_logging.rb:26:in `tagged'
  activesupport (4.2.10) lib/active_support/tagged_logging.rb:68:in `tagged'
  railties (4.2.10) lib/rails/rack/logger.rb:20:in `call'
  actionpack (4.2.10) lib/action_dispatch/middleware/request_id.rb:21:in `call'
  rack (1.6.11) lib/rack/methodoverride.rb:22:in `call'
  rack (1.6.11) lib/rack/runtime.rb:18:in `call'
  activesupport (4.2.10) lib/active_support/cache/strategy/local_cache_middleware.rb:28:in `call'
  rack (1.6.11) lib/rack/lock.rb:17:in `call'
  actionpack (4.2.10) lib/action_dispatch/middleware/static.rb:120:in `call'
  rack (1.6.11) lib/rack/sendfile.rb:113:in `call'
  railties (4.2.10) lib/rails/engine.rb:518:in `call'
  railties (4.2.10) lib/rails/application.rb:165:in `call'
  rack (1.6.11) lib/rack/lock.rb:17:in `call'
  rack (1.6.11) lib/rack/content_length.rb:15:in `call'
  rack (1.6.11) lib/rack/handler/webrick.rb:88:in `service'
  /home/akinad/.rvm/rubies/ruby-2.2.10/lib/ruby/2.2.0/webrick/httpserver.rb:138:in `service'
  /home/akinad/.rvm/rubies/ruby-2.2.10/lib/ruby/2.2.0/webrick/httpserver.rb:94:in `run'
  /home/akinad/.rvm/rubies/ruby-2.2.10/lib/ruby/2.2.0/webrick/server.rb:294:in `block in start_thread'


  Rendered /home/akinad/.rvm/gems/ruby-2.2.10/gems/actionpack-4.2.10/lib/action_dispatch/middleware/templates/rescues/unknown_action.html.erb within rescues/layout (0.9ms)
  Rendered /home/akinad/.rvm/gems/ruby-2.2.10/gems/web-console-2.3.0/lib/web_console/templates/_markup.html.erb (1.0ms)
  Rendered /home/akinad/.rvm/gems/ruby-2.2.10/gems/web-console-2.3.0/lib/web_console/templates/_inner_console_markup.html.erb within layouts/inlined_string (0.7ms)
  Rendered /home/akinad/.rvm/gems/ruby-2.2.10/gems/web-console-2.3.0/lib/web_console/templates/_prompt_box_markup.html.erb within layouts/inlined_string (0.6ms)
  Rendered /home/akinad/.rvm/gems/ruby-2.2.10/gems/web-console-2.3.0/lib/web_console/templates/style.css.erb within layouts/inlined_string (0.7ms)
  Rendered /home/akinad/.rvm/gems/ruby-2.2.10/gems/web-console-2.3.0/lib/web_console/templates/console.js.erb within layouts/javascript (66.0ms)
  Rendered /home/akinad/.rvm/gems/ruby-2.2.10/gems/web-console-2.3.0/lib/web_console/templates/main.js.erb within layouts/javascript (0.6ms)
  Rendered /home/akinad/.rvm/gems/ruby-2.2.10/gems/web-console-2.3.0/lib/web_console/templates/error_page.js.erb within layouts/javascript (0.9ms)
  Rendered /home/akinad/.rvm/gems/ruby-2.2.10/gems/web-console-2.3.0/lib/web_console/templates/index.html.erb (129.8ms)


Started GET "/articles/1" for 127.0.0.1 at 2019-07-08 18:54:11 -0400
Processing by ArticlesController#show as HTML
  Parameters: {"id"=>"1"}
Completed 500 Internal Server Error in 9ms (ActiveRecord: 0.0ms)

ActionView::MissingTemplate (Missing template articles/show, application/show with {:locale=>[:en], :formats=>[:html], :variants=>[], :handlers=>[:erb, :builder, :raw, :ruby, :coffee, :jbuilder]}. Searched in:
  * "/home/akinad/blogger/app/views"
):
  actionview (4.2.10) lib/action_view/path_set.rb:46:in `find'
  actionview (4.2.10) lib/action_view/lookup_context.rb:121:in `find'
  actionview (4.2.10) lib/action_view/renderer/abstract_renderer.rb:18:in `find_template'
  actionview (4.2.10) lib/action_view/renderer/template_renderer.rb:40:in `determine_template'
  actionview (4.2.10) lib/action_view/renderer/template_renderer.rb:8:in `render'
  actionview (4.2.10) lib/action_view/renderer/renderer.rb:46:in `render_template'
  actionview (4.2.10) lib/action_view/renderer/renderer.rb:27:in `render'
  actionview (4.2.10) lib/action_view/rendering.rb:100:in `_render_template'
  actionpack (4.2.10) lib/action_controller/metal/streaming.rb:217:in `_render_template'
  actionview (4.2.10) lib/action_view/rendering.rb:83:in `render_to_body'
  actionpack (4.2.10) lib/action_controller/metal/rendering.rb:32:in `render_to_body'
  actionpack (4.2.10) lib/action_controller/metal/renderers.rb:37:in `render_to_body'
  actionpack (4.2.10) lib/abstract_controller/rendering.rb:25:in `render'
  actionpack (4.2.10) lib/action_controller/metal/rendering.rb:16:in `render'
  actionpack (4.2.10) lib/action_controller/metal/instrumentation.rb:44:in `block (2 levels) in render'
  activesupport (4.2.10) lib/active_support/core_ext/benchmark.rb:12:in `block in ms'
  /home/akinad/.rvm/rubies/ruby-2.2.10/lib/ruby/2.2.0/benchmark.rb:303:in `realtime'
  activesupport (4.2.10) lib/active_support/core_ext/benchmark.rb:12:in `ms'
  actionpack (4.2.10) lib/action_controller/metal/instrumentation.rb:44:in `block in render'
  actionpack (4.2.10) lib/action_controller/metal/instrumentation.rb:87:in `cleanup_view_runtime'
  activerecord (4.2.10) lib/active_record/railties/controller_runtime.rb:25:in `cleanup_view_runtime'
  actionpack (4.2.10) lib/action_controller/metal/instrumentation.rb:43:in `render'
  actionpack (4.2.10) lib/action_controller/metal/implicit_render.rb:10:in `default_render'
  actionpack (4.2.10) lib/action_controller/metal/implicit_render.rb:5:in `send_action'
  actionpack (4.2.10) lib/abstract_controller/base.rb:198:in `process_action'
  actionpack (4.2.10) lib/action_controller/metal/rendering.rb:10:in `process_action'
  actionpack (4.2.10) lib/abstract_controller/callbacks.rb:20:in `block in process_action'
  activesupport (4.2.10) lib/active_support/callbacks.rb:117:in `call'
  activesupport (4.2.10) lib/active_support/callbacks.rb:117:in `call'
  activesupport (4.2.10) lib/active_support/callbacks.rb:555:in `block (2 levels) in compile'
  activesupport (4.2.10) lib/active_support/callbacks.rb:505:in `call'
  activesupport (4.2.10) lib/active_support/callbacks.rb:505:in `call'
  activesupport (4.2.10) lib/active_support/callbacks.rb:92:in `__run_callbacks__'
  activesupport (4.2.10) lib/active_support/callbacks.rb:778:in `_run_process_action_callbacks'
  activesupport (4.2.10) lib/active_support/callbacks.rb:81:in `run_callbacks'
  actionpack (4.2.10) lib/abstract_controller/callbacks.rb:19:in `process_action'
  actionpack (4.2.10) lib/action_controller/metal/rescue.rb:29:in `process_action'
  actionpack (4.2.10) lib/action_controller/metal/instrumentation.rb:32:in `block in process_action'
  activesupport (4.2.10) lib/active_support/notifications.rb:164:in `block in instrument'
  activesupport (4.2.10) lib/active_support/notifications/instrumenter.rb:20:in `instrument'
  activesupport (4.2.10) lib/active_support/notifications.rb:164:in `instrument'
  actionpack (4.2.10) lib/action_controller/metal/instrumentation.rb:30:in `process_action'
  actionpack (4.2.10) lib/action_controller/metal/params_wrapper.rb:250:in `process_action'
  activerecord (4.2.10) lib/active_record/railties/controller_runtime.rb:18:in `process_action'
  actionpack (4.2.10) lib/abstract_controller/base.rb:137:in `process'
  actionview (4.2.10) lib/action_view/rendering.rb:30:in `process'
  actionpack (4.2.10) lib/action_controller/metal.rb:196:in `dispatch'
  actionpack (4.2.10) lib/action_controller/metal/rack_delegation.rb:13:in `dispatch'
  actionpack (4.2.10) lib/action_controller/metal.rb:237:in `block in action'
  actionpack (4.2.10) lib/action_dispatch/routing/route_set.rb:74:in `call'
  actionpack (4.2.10) lib/action_dispatch/routing/route_set.rb:74:in `dispatch'
  actionpack (4.2.10) lib/action_dispatch/routing/route_set.rb:43:in `serve'
  actionpack (4.2.10) lib/action_dispatch/journey/router.rb:43:in `block in serve'
  actionpack (4.2.10) lib/action_dispatch/journey/router.rb:30:in `each'
  actionpack (4.2.10) lib/action_dispatch/journey/router.rb:30:in `serve'
  actionpack (4.2.10) lib/action_dispatch/routing/route_set.rb:817:in `call'
  rack (1.6.11) lib/rack/etag.rb:24:in `call'
  rack (1.6.11) lib/rack/conditionalget.rb:25:in `call'
  rack (1.6.11) lib/rack/head.rb:13:in `call'
  actionpack (4.2.10) lib/action_dispatch/middleware/params_parser.rb:27:in `call'
  actionpack (4.2.10) lib/action_dispatch/middleware/flash.rb:260:in `call'
  rack (1.6.11) lib/rack/session/abstract/id.rb:225:in `context'
  rack (1.6.11) lib/rack/session/abstract/id.rb:220:in `call'
  actionpack (4.2.10) lib/action_dispatch/middleware/cookies.rb:560:in `call'
  activerecord (4.2.10) lib/active_record/query_cache.rb:36:in `call'
  activerecord (4.2.10) lib/active_record/connection_adapters/abstract/connection_pool.rb:653:in `call'
  activerecord (4.2.10) lib/active_record/migration.rb:377:in `call'
  actionpack (4.2.10) lib/action_dispatch/middleware/callbacks.rb:29:in `block in call'
  activesupport (4.2.10) lib/active_support/callbacks.rb:88:in `__run_callbacks__'
  activesupport (4.2.10) lib/active_support/callbacks.rb:778:in `_run_call_callbacks'
  activesupport (4.2.10) lib/active_support/callbacks.rb:81:in `run_callbacks'
  actionpack (4.2.10) lib/action_dispatch/middleware/callbacks.rb:27:in `call'
  actionpack (4.2.10) lib/action_dispatch/middleware/reloader.rb:73:in `call'
  actionpack (4.2.10) lib/action_dispatch/middleware/remote_ip.rb:78:in `call'
  actionpack (4.2.10) lib/action_dispatch/middleware/debug_exceptions.rb:17:in `call'
  web-console (2.3.0) lib/web_console/middleware.rb:28:in `block in call'
  web-console (2.3.0) lib/web_console/middleware.rb:18:in `catch'
  web-console (2.3.0) lib/web_console/middleware.rb:18:in `call'
  actionpack (4.2.10) lib/action_dispatch/middleware/show_exceptions.rb:30:in `call'
  railties (4.2.10) lib/rails/rack/logger.rb:38:in `call_app'
  railties (4.2.10) lib/rails/rack/logger.rb:20:in `block in call'
  activesupport (4.2.10) lib/active_support/tagged_logging.rb:68:in `block in tagged'
  activesupport (4.2.10) lib/active_support/tagged_logging.rb:26:in `tagged'
  activesupport (4.2.10) lib/active_support/tagged_logging.rb:68:in `tagged'
  railties (4.2.10) lib/rails/rack/logger.rb:20:in `call'
  actionpack (4.2.10) lib/action_dispatch/middleware/request_id.rb:21:in `call'
  rack (1.6.11) lib/rack/methodoverride.rb:22:in `call'
  rack (1.6.11) lib/rack/runtime.rb:18:in `call'
  activesupport (4.2.10) lib/active_support/cache/strategy/local_cache_middleware.rb:28:in `call'
  rack (1.6.11) lib/rack/lock.rb:17:in `call'
  actionpack (4.2.10) lib/action_dispatch/middleware/static.rb:120:in `call'
  rack (1.6.11) lib/rack/sendfile.rb:113:in `call'
  railties (4.2.10) lib/rails/engine.rb:518:in `call'
  railties (4.2.10) lib/rails/application.rb:165:in `call'
  rack (1.6.11) lib/rack/lock.rb:17:in `call'
  rack (1.6.11) lib/rack/content_length.rb:15:in `call'
  rack (1.6.11) lib/rack/handler/webrick.rb:88:in `service'
  /home/akinad/.rvm/rubies/ruby-2.2.10/lib/ruby/2.2.0/webrick/httpserver.rb:138:in `service'
  /home/akinad/.rvm/rubies/ruby-2.2.10/lib/ruby/2.2.0/webrick/httpserver.rb:94:in `run'
  /home/akinad/.rvm/rubies/ruby-2.2.10/lib/ruby/2.2.0/webrick/server.rb:294:in `block in start_thread'


  Rendered /home/akinad/.rvm/gems/ruby-2.2.10/gems/actionpack-4.2.10/lib/action_dispatch/middleware/templates/rescues/_source.erb (16.3ms)
  Rendered /home/akinad/.rvm/gems/ruby-2.2.10/gems/actionpack-4.2.10/lib/action_dispatch/middleware/templates/rescues/_trace.html.erb (6.4ms)
  Rendered /home/akinad/.rvm/gems/ruby-2.2.10/gems/actionpack-4.2.10/lib/action_dispatch/middleware/templates/rescues/_request_and_response.html.erb (1.9ms)
  Rendered /home/akinad/.rvm/gems/ruby-2.2.10/gems/actionpack-4.2.10/lib/action_dispatch/middleware/templates/rescues/missing_template.html.erb within rescues/layout (84.3ms)
  Rendered /home/akinad/.rvm/gems/ruby-2.2.10/gems/web-console-2.3.0/lib/web_console/templates/_markup.html.erb (4.4ms)
  Rendered /home/akinad/.rvm/gems/ruby-2.2.10/gems/web-console-2.3.0/lib/web_console/templates/_inner_console_markup.html.erb within layouts/inlined_string (0.6ms)
  Rendered /home/akinad/.rvm/gems/ruby-2.2.10/gems/web-console-2.3.0/lib/web_console/templates/_prompt_box_markup.html.erb within layouts/inlined_string (0.6ms)
  Rendered /home/akinad/.rvm/gems/ruby-2.2.10/gems/web-console-2.3.0/lib/web_console/templates/style.css.erb within layouts/inlined_string (0.8ms)
  Rendered /home/akinad/.rvm/gems/ruby-2.2.10/gems/web-console-2.3.0/lib/web_console/templates/console.js.erb within layouts/javascript (63.8ms)
  Rendered /home/akinad/.rvm/gems/ruby-2.2.10/gems/web-console-2.3.0/lib/web_console/templates/main.js.erb within layouts/javascript (0.6ms)
  Rendered /home/akinad/.rvm/gems/ruby-2.2.10/gems/web-console-2.3.0/lib/web_console/templates/error_page.js.erb within layouts/javascript (0.8ms)
  Rendered /home/akinad/.rvm/gems/ruby-2.2.10/gems/web-console-2.3.0/lib/web_console/templates/index.html.erb (129.8ms)
